<?xml version="1.0" encoding="UTF-8"?>
<testsuite xmlns:xsi="http://www.w3.org/2001/XMLSchema-instance" xsi:noNamespaceSchemaLocation="https://maven.apache.org/surefire/maven-surefire-plugin/xsd/surefire-test-report.xsd" name="Mesto1Test" time="3.382" tests="2" errors="1" skipped="0" failures="0">
  <properties>
[...]
</properties>
  <testcase name="likeTheFirstPhoto" classname="Mesto1Test" time="2.998">
    <error message="Unnamed path parameter cannot be null (path parameter at index 0 is null)" type="java.lang.IllegalArgumentException">java.lang.IllegalArgumentException: Unnamed path parameter cannot be null (path parameter at index 0 is null)
	at Mesto1Test.likePhotoById(Mesto1Test.java:55)
	at Mesto1Test.likeTheFirstPhoto(Mesto1Test.java:37)
</error>
    <system-err><![CDATA[SLF4J: Failed to load class "org.slf4j.impl.StaticLoggerBinder".
SLF4J: Defaulting to no-operation (NOP) logger implementation
SLF4J: See http://www.slf4j.org/codes.html#StaticLoggerBinder for further details.
]]></system-err>
  </testcase>
  <testcase name="addNewPhoto" classname="Mesto1Test" time="0.224"/>
</testsuite>